Started GET "/" for 127.0.0.1 at 2018-07-14 20:24:33 +0900
Processing by Rails::WelcomeController#index as HTML
  Parameters: {"internal"=>true}
  Rendering /Users/shohei.miterashi/.rbenv/versions/2.3.1/lib/ruby/gems/2.3.0/gems/railties-5.0.7/lib/rails/templates/rails/welcome/index.html.erb
  Rendered /Users/shohei.miterashi/.rbenv/versions/2.3.1/lib/ruby/gems/2.3.0/gems/railties-5.0.7/lib/rails/templates/rails/welcome/index.html.erb (5.0ms)
Completed 200 OK in 37ms (Views: 15.5ms | ActiveRecord: 0.0ms)


Started GET "/Messages" for 127.0.0.1 at 2018-07-14 20:25:13 +0900
  
ActionController::RoutingError (No route matches [GET] "/Messages"):
  
actionpack (5.0.7) lib/action_dispatch/middleware/debug_exceptions.rb:53:in `call'
web-console (3.6.2) lib/web_console/middleware.rb:135:in `call_app'
web-console (3.6.2) lib/web_console/middleware.rb:30:in `block in call'
web-console (3.6.2) lib/web_console/middleware.rb:20:in `catch'
web-console (3.6.2) lib/web_console/middleware.rb:20:in `call'
actionpack (5.0.7) lib/action_dispatch/middleware/show_exceptions.rb:31:in `call'
railties (5.0.7) lib/rails/rack/logger.rb:36:in `call_app'
railties (5.0.7) lib/rails/rack/logger.rb:24:in `block in call'
activesupport (5.0.7) lib/active_support/tagged_logging.rb:69:in `block in tagged'
activesupport (5.0.7) lib/active_support/tagged_logging.rb:26:in `tagged'
activesupport (5.0.7) lib/active_support/tagged_logging.rb:69:in `tagged'
railties (5.0.7) lib/rails/rack/logger.rb:24:in `call'
sprockets-rails (3.2.1) lib/sprockets/rails/quiet_assets.rb:13:in `call'
actionpack (5.0.7) lib/action_dispatch/middleware/request_id.rb:24:in `call'
rack (2.0.5) lib/rack/method_override.rb:22:in `call'
rack (2.0.5) lib/rack/runtime.rb:22:in `call'
activesupport (5.0.7) lib/active_support/cache/strategy/local_cache_middleware.rb:28:in `call'
actionpack (5.0.7) lib/action_dispatch/middleware/executor.rb:12:in `call'
actionpack (5.0.7) lib/action_dispatch/middleware/static.rb:136:in `call'
rack (2.0.5) lib/rack/sendfile.rb:111:in `call'
railties (5.0.7) lib/rails/engine.rb:522:in `call'
puma (3.11.4) lib/puma/configuration.rb:225:in `call'
puma (3.11.4) lib/puma/server.rb:632:in `handle_request'
puma (3.11.4) lib/puma/server.rb:446:in `process_client'
puma (3.11.4) lib/puma/server.rb:306:in `block in run'
puma (3.11.4) lib/puma/thread_pool.rb:120:in `block in spawn_thread'
  Rendering /Users/shohei.miterashi/.rbenv/versions/2.3.1/lib/ruby/gems/2.3.0/gems/actionpack-5.0.7/lib/action_dispatch/middleware/templates/rescues/routing_error.html.erb within rescues/layout
  Rendering /Users/shohei.miterashi/.rbenv/versions/2.3.1/lib/ruby/gems/2.3.0/gems/actionpack-5.0.7/lib/action_dispatch/middleware/templates/rescues/_trace.html.erb
  Rendered /Users/shohei.miterashi/.rbenv/versions/2.3.1/lib/ruby/gems/2.3.0/gems/actionpack-5.0.7/lib/action_dispatch/middleware/templates/rescues/_trace.html.erb (1.1ms)
  Rendered collection of /Users/shohei.miterashi/.rbenv/versions/2.3.1/lib/ruby/gems/2.3.0/gems/actionpack-5.0.7/lib/action_dispatch/middleware/templates/routes/_route.html.erb [1 times] (1.3ms)
  Rendered /Users/shohei.miterashi/.rbenv/versions/2.3.1/lib/ruby/gems/2.3.0/gems/actionpack-5.0.7/lib/action_dispatch/middleware/templates/routes/_table.html.erb (4.8ms)
  Rendering /Users/shohei.miterashi/.rbenv/versions/2.3.1/lib/ruby/gems/2.3.0/gems/actionpack-5.0.7/lib/action_dispatch/middleware/templates/rescues/_request_and_response.html.erb
  Rendered /Users/shohei.miterashi/.rbenv/versions/2.3.1/lib/ruby/gems/2.3.0/gems/actionpack-5.0.7/lib/action_dispatch/middleware/templates/rescues/_request_and_response.html.erb (1.0ms)
  Rendered /Users/shohei.miterashi/.rbenv/versions/2.3.1/lib/ruby/gems/2.3.0/gems/actionpack-5.0.7/lib/action_dispatch/middleware/templates/rescues/routing_error.html.erb within rescues/layout (168.1ms)
Started GET "/messages" for 127.0.0.1 at 2018-07-14 20:25:22 +0900
Processing by MessagesController#index as HTML
Completed 406 Not Acceptable in 73ms (ActiveRecord: 0.0ms)



ActionController::UnknownFormat - MessagesController#index is missing a template for this request format and variant.

request.formats: ["text/html"]
request.variant: []

NOTE! For XHR/Ajax or API requests, this action would normally respond with 204 No Content: an empty white screen. Since you're loading it in a web browser, we assume that you expected to actually render a template, not nothing, so we're showing an error to be extra-clear. If you expect 204 No Content, carry on. That's what you'll get from an XHR or API request. Give it a shot.:

Started POST "/__better_errors/9ea51981b599a01e/variables" for 127.0.0.1 at 2018-07-14 20:25:22 +0900
Started GET "/messages" for 127.0.0.1 at 2018-07-14 20:28:10 +0900
Processing by MessagesController#index as HTML
Completed 406 Not Acceptable in 71ms (ActiveRecord: 0.0ms)



ActionController::UnknownFormat - MessagesController#index is missing a template for this request format and variant.

request.formats: ["text/html"]
request.variant: []

NOTE! For XHR/Ajax or API requests, this action would normally respond with 204 No Content: an empty white screen. Since you're loading it in a web browser, we assume that you expected to actually render a template, not nothing, so we're showing an error to be extra-clear. If you expect 204 No Content, carry on. That's what you'll get from an XHR or API request. Give it a shot.:

Started POST "/__better_errors/7e25603572aa1e4f/variables" for 127.0.0.1 at 2018-07-14 20:28:11 +0900
Started GET "/messages" for 127.0.0.1 at 2018-07-14 20:28:14 +0900
Processing by MessagesController#index as HTML
Completed 406 Not Acceptable in 74ms (ActiveRecord: 0.0ms)



ActionController::UnknownFormat - MessagesController#index is missing a template for this request format and variant.

request.formats: ["text/html"]
request.variant: []

NOTE! For XHR/Ajax or API requests, this action would normally respond with 204 No Content: an empty white screen. Since you're loading it in a web browser, we assume that you expected to actually render a template, not nothing, so we're showing an error to be extra-clear. If you expect 204 No Content, carry on. That's what you'll get from an XHR or API request. Give it a shot.:

Started POST "/__better_errors/526bff11ec760c3a/variables" for 127.0.0.1 at 2018-07-14 20:28:14 +0900
Started GET "/messages" for 127.0.0.1 at 2018-07-14 20:29:35 +0900
Processing by MessagesController#index as HTML
Completed 406 Not Acceptable in 72ms (ActiveRecord: 0.0ms)



ActionController::UnknownFormat - MessagesController#index is missing a template for this request format and variant.

request.formats: ["text/html"]
request.variant: []

NOTE! For XHR/Ajax or API requests, this action would normally respond with 204 No Content: an empty white screen. Since you're loading it in a web browser, we assume that you expected to actually render a template, not nothing, so we're showing an error to be extra-clear. If you expect 204 No Content, carry on. That's what you'll get from an XHR or API request. Give it a shot.:

Started POST "/__better_errors/7f2559954336e3c9/variables" for 127.0.0.1 at 2018-07-14 20:29:35 +0900
Started GET "/messages" for 127.0.0.1 at 2018-07-14 20:29:40 +0900
Processing by MessagesController#index as HTML
Completed 406 Not Acceptable in 72ms (ActiveRecord: 0.0ms)



ActionController::UnknownFormat - MessagesController#index is missing a template for this request format and variant.

request.formats: ["text/html"]
request.variant: []

NOTE! For XHR/Ajax or API requests, this action would normally respond with 204 No Content: an empty white screen. Since you're loading it in a web browser, we assume that you expected to actually render a template, not nothing, so we're showing an error to be extra-clear. If you expect 204 No Content, carry on. That's what you'll get from an XHR or API request. Give it a shot.:

Started POST "/__better_errors/437e69d17dff006c/variables" for 127.0.0.1 at 2018-07-14 20:29:40 +0900
Started GET "/messages" for 127.0.0.1 at 2018-07-14 20:31:13 +0900
Processing by MessagesController#index as HTML
Completed 406 Not Acceptable in 73ms (ActiveRecord: 0.0ms)



ActionController::UnknownFormat - MessagesController#index is missing a template for this request format and variant.

request.formats: ["text/html"]
request.variant: []

NOTE! For XHR/Ajax or API requests, this action would normally respond with 204 No Content: an empty white screen. Since you're loading it in a web browser, we assume that you expected to actually render a template, not nothing, so we're showing an error to be extra-clear. If you expect 204 No Content, carry on. That's what you'll get from an XHR or API request. Give it a shot.:

Started POST "/__better_errors/d5fc24b1a2a7df25/variables" for 127.0.0.1 at 2018-07-14 20:31:13 +0900
Started GET "/messages" for 127.0.0.1 at 2018-07-14 20:33:04 +0900
Processing by MessagesController#index as HTML
  Rendering messages/index.html.erb within layouts/application
  Rendered messages/index.html.erb within layouts/application (0.3ms)
Completed 200 OK in 347ms (Views: 343.8ms | ActiveRecord: 0.0ms)


